<?xml version="1.0" encoding="UTF-8"?>

<mule xmlns:ee="http://www.mulesoft.org/schema/mule/ee/core" xmlns:http="http://www.mulesoft.org/schema/mule/http"
	xmlns="http://www.mulesoft.org/schema/mule/core"
	xmlns:doc="http://www.mulesoft.org/schema/mule/documentation" xmlns:xsi="http://www.w3.org/2001/XMLSchema-instance" xsi:schemaLocation="http://www.mulesoft.org/schema/mule/core http://www.mulesoft.org/schema/mule/core/current/mule.xsd
http://www.mulesoft.org/schema/mule/http http://www.mulesoft.org/schema/mule/http/current/mule-http.xsd
http://www.mulesoft.org/schema/mule/ee/core http://www.mulesoft.org/schema/mule/ee/core/current/mule-ee.xsd">
	<http:listener-config name="HTTP_Listener_config" doc:name="HTTP Listener config" doc:id="d72fbcad-4e6b-45e3-bf9b-0fac216c7be4" >
		<http:listener-connection host="localhost" port="8081" />
	</http:listener-config>
	<flow name="test-jenkinsFlow" doc:id="80362257-aa60-4238-bd2e-9c301238c299" >
		<http:listener doc:name="Listener" doc:id="3b9f5b77-5f48-4c78-a045-db387fd1b122" config-ref="HTTP_Listener_config" path="test"/>
		<ee:transform doc:name="Transform Message" doc:id="9cdd9e5e-347d-45e0-9c5b-f42a09f78cbf" >
			<ee:message >
				<ee:set-payload ><![CDATA[%dw 2.0
output application/json
---
{
	"fruits" : "apple",
	         
}]]></ee:set-payload>
			</ee:message>
		</ee:transform>
		<ee:transform doc:name="Transform Message" doc:id="30c55ff0-9c3a-479b-a407-47bfaa05ca62" >
			<ee:message >
				<ee:set-payload ><![CDATA[%dw 2.0
output application/xml
---
payload]]></ee:set-payload>
			</ee:message>
		</ee:transform>
	</flow>
</mule>
